  PatternGenerator.cpp
C:\Users\james\Code\CPP\MachineLearningCPP\MachineLearningCPP\PatternGenerator\PatternGenerator.cpp(162,8): warning C4244: 'initializing': conversion from 'double' to 'int', possible loss of data
C:\Users\james\Code\CPP\MachineLearningCPP\MachineLearningCPP\PatternGenerator\PatternGenerator.cpp(208,10): warning C4101: 'd': unreferenced local variable
C:\Users\james\Code\CPP\MachineLearningCPP\MachineLearningCPP\PatternGenerator\PatternGenerator.cpp(218,21): warning C4018: '<': signed/unsigned mismatch
C:\Users\james\Code\CPP\MachineLearningCPP\MachineLearningCPP\PatternGenerator\PatternGenerator.cpp(219,22): warning C4018: '<': signed/unsigned mismatch
C:\Users\james\Code\CPP\MachineLearningCPP\MachineLearningCPP\PatternGenerator\PatternGenerator.cpp(236,21): warning C4018: '<': signed/unsigned mismatch
C:\Users\james\Code\CPP\MachineLearningCPP\MachineLearningCPP\PatternGenerator\PatternGenerator.cpp(237,22): warning C4018: '<': signed/unsigned mismatch
C:\Users\james\Code\CPP\MachineLearningCPP\MachineLearningCPP\PatternGenerator\PatternGenerator.cpp(249,21): warning C4018: '<': signed/unsigned mismatch
C:\Users\james\Code\CPP\MachineLearningCPP\MachineLearningCPP\PatternGenerator\PatternGenerator.cpp(250,22): warning C4018: '<': signed/unsigned mismatch
C:\Users\james\Code\CPP\MachineLearningCPP\MachineLearningCPP\PatternGenerator\PatternGenerator.cpp(262,21): warning C4018: '<': signed/unsigned mismatch
C:\Users\james\Code\CPP\MachineLearningCPP\MachineLearningCPP\PatternGenerator\PatternGenerator.cpp(418,14): warning C4244: 'initializing': conversion from 'double' to 'int', possible loss of data
C:\Users\james\Code\CPP\MachineLearningCPP\MachineLearningCPP\PatternGenerator\PatternGenerator.cpp(454,19): warning C4244: 'initializing': conversion from 'double' to 'int', possible loss of data
C:\Users\james\Code\CPP\MachineLearningCPP\MachineLearningCPP\PatternGenerator\PatternGenerator.cpp(455,20): warning C4244: 'initializing': conversion from 'double' to 'int', possible loss of data
C:\Users\james\Code\CPP\MachineLearningCPP\MachineLearningCPP\PatternGenerator\PatternGenerator.cpp(496,14): warning C4244: 'return': conversion from 'double' to 'int', possible loss of data
C:\Users\james\Code\CPP\MachineLearningCPP\MachineLearningCPP\PatternGenerator\PatternGenerator.cpp(526,52): warning C4244: 'argument': conversion from 'double' to 'int', possible loss of data
C:\Users\james\Code\CPP\MachineLearningCPP\MachineLearningCPP\PatternGenerator\PatternGenerator.cpp(527,52): warning C4244: 'argument': conversion from 'double' to 'int', possible loss of data
C:\Users\james\Code\CPP\MachineLearningCPP\MachineLearningCPP\PatternGenerator\PatternGenerator.cpp(528,39): warning C4244: 'argument': conversion from 'double' to 'int', possible loss of data
C:\Users\james\Code\CPP\MachineLearningCPP\MachineLearningCPP\PatternGenerator\PatternGenerator.cpp(529,39): warning C4244: 'argument': conversion from 'double' to 'int', possible loss of data
C:\Users\james\Code\CPP\MachineLearningCPP\MachineLearningCPP\PatternGenerator\PatternGenerator.cpp(537,21): warning C4018: '<': signed/unsigned mismatch
C:\Users\james\Code\CPP\MachineLearningCPP\MachineLearningCPP\PatternGenerator\PatternGenerator.cpp(589,26): warning C4018: '<': signed/unsigned mismatch
  PatternGenerator.vcxproj -> C:\Users\james\Code\CPP\MachineLearningCPP\MachineLearningCPP\PatternGenerator\x64\Debug\PatternGenerator.exe
